<?xml version="1.0" encoding="UTF-8"?>
<!-- Generated by org.testng.reporters.JUnitXMLReporter -->
<testsuite ignored="0" hostname="DESKTOP-HPNOI30" failures="0" tests="2" name="Test" time="9.053" errors="0" timestamp="2026-07-17T01:30:55 IST">
  <testcase classname="com.mbm.insurance_tests.LoginSmokeTest" name="login_Should_return_JwtToken" time="6.422"/>
  <testcase classname="com.mbm.insurance_tests.CustomerSmokeTest" name="getProfile_Should_ReturnCustomerProfile" time="0.856"/>
</testsuite> <!-- Test -->
