<?xml version="1.0" encoding="UTF-8"?>
<!-- Generated by org.testng.reporters.JUnitXMLReporter -->
<testsuite ignored="0" hostname="DESKTOP-HPNOI30" failures="1" tests="4" name="Test" time="10.671" errors="0" timestamp="2026-07-24T11:31:01 IST">
  <testcase classname="com.mbm.insurance.tests.customer.CustomerTests" name="customerLoginTest" time="1.58"/>
  <testcase classname="com.mbm.insurance.tests.customer.CustomerTests" name="getCustomerProfileTest" time="0.854"/>
  <testcase classname="com.mbm.insurance.tests.customer.CustomerTests" name="updateCustomerProfileTest" time="2.494"/>
  <testcase classname="com.mbm.insurance.tests.policy.PolicyTests" name="getPolicyTest" time="1.691">
    <failure type="java.lang.AssertionError" message="1 expectation failed.
JSON path companyName doesn&amp;apos;t match.
Expected: Star Health Insurance Ltd
  Actual: ABC Health Insurance
">
      <![CDATA[java.lang.AssertionError: 1 expectation failed.
JSON path companyName doesn't match.
Expected: Star Health Insurance Ltd
  Actual: ABC Health Insurance

at org.codehaus.groovy.runtime.callsite.ConstructorSite$ConstructorSiteNoUnwrapNoCoerce.callConstructor(ConstructorSite.java:108)
at org.codehaus.groovy.runtime.callsite.CallSiteArray.defaultCallConstructor(CallSiteArray.java:57)
at org.codehaus.groovy.runtime.callsite.AbstractCallSite.callConstructor(AbstractCallSite.java:263)
at org.codehaus.groovy.runtime.callsite.AbstractCallSite.callConstructor(AbstractCallSite.java:277)
at io.restassured.internal.ResponseSpecificationImpl$HamcrestAssertionClosure.validate(ResponseSpecificationImpl.groovy:512)
at io.restassured.internal.ResponseSpecificationImpl$HamcrestAssertionClosure$validate$1.call(Unknown Source)
at io.restassured.internal.ResponseSpecificationImpl.validateResponseIfRequired(ResponseSpecificationImpl.groovy:696)
at io.restassured.internal.ResponseSpecificationImpl.this$2$validateResponseIfRequired(ResponseSpecificationImpl.groovy)
at org.codehaus.groovy.runtime.callsite.PlainObjectMetaMethodSite.doInvoke(PlainObjectMetaMethodSite.java:43)
at org.codehaus.groovy.runtime.callsite.PogoMetaMethodSite$PogoCachedMethodSiteNoUnwrapNoCoerce.invoke(PogoMetaMethodSite.java:198)
at org.codehaus.groovy.runtime.callsite.PogoMetaMethodSite.callCurrent(PogoMetaMethodSite.java:62)
at org.codehaus.groovy.runtime.callsite.AbstractCallSite.callCurrent(AbstractCallSite.java:185)
at io.restassured.internal.ResponseSpecificationImpl.body(ResponseSpecificationImpl.groovy:270)
at io.restassured.specification.ResponseSpecification$body$1.callCurrent(Unknown Source)
at io.restassured.internal.ResponseSpecificationImpl.body(ResponseSpecificationImpl.groovy:117)
at io.restassured.internal.ValidatableResponseOptionsImpl.body(ValidatableResponseOptionsImpl.java:244)
at com.mbm.insurance.tests.policy.PolicyTests.getPolicyTest(PolicyTests.java:25)
at java.base/java.util.ArrayList.forEach(ArrayList.java:1511)
... Removed 36 stack frames]]>
    </failure>
  </testcase> <!-- getPolicyTest -->
</testsuite> <!-- Test -->
