<?xml version="1.0" encoding="UTF-8"?>
<!-- Generated by org.testng.reporters.JUnitReportReporter -->
<testsuite hostname="DESKTOP-HPNOI30" failures="0" tests="3" name="com.mbm.insurance.tests.customer.CustomerTests" time="4.948" errors="0" timestamp="2026-07-24T11:31:03 IST" skipped="0">
  <testcase classname="com.mbm.insurance.tests.customer.CustomerTests" name="getCustomerProfileTest" time="0.864"/>
  <system-out/>
  <testcase classname="com.mbm.insurance.tests.customer.CustomerTests" name="customerLoginTest" time="1.581"/>
  <system-out/>
  <testcase classname="com.mbm.insurance.tests.customer.CustomerTests" name="updateCustomerProfileTest" time="2.503"/>
  <system-out/>
</testsuite> <!-- com.mbm.insurance.tests.customer.CustomerTests -->
