<?xml version="1.0" encoding="UTF-8"?>
<!-- Generated by org.testng.reporters.JUnitReportReporter -->
<testsuite hostname="DESKTOP-HPNOI30" failures="0" tests="2" name="bookings.BookingTests" time="11.810" errors="0" timestamp="2025-02-17T18:24:56 IST" skipped="0">
  <testcase classname="bookings.BookingTests" name="createBookingAndVerifyResponse" time="10.044"/>
  <system-out/>
  <testcase classname="bookings.BookingTests" name="createBookingAndVerifyResponse" time="1.766"/>
  <system-out/>
</testsuite> <!-- bookings.BookingTests -->
