<?xml version="1.0" encoding="UTF-8"?>
<!-- Generated by org.testng.reporters.JUnitReportReporter -->
<testsuite hostname="DESKTOP-HPNOI30" failures="0" tests="3" name="com.mbm.insurance_tests.CustomerTests" time="3.275" errors="0" timestamp="2026-07-18T11:12:33 IST" skipped="0">
  <testcase classname="com.mbm.insurance_tests.CustomerTests" name="updateCustomerProfileTest" time="1.696"/>
  <system-out/>
  <testcase classname="com.mbm.insurance_tests.CustomerTests" name="customerLoginTest" time="1.268"/>
  <system-out/>
  <testcase classname="com.mbm.insurance_tests.CustomerTests" name="getCustomerProfileTest" time="0.311"/>
  <system-out/>
</testsuite> <!-- com.mbm.insurance_tests.CustomerTests -->
