<?xml version="1.0" encoding="UTF-8"?>
<!-- Generated by org.testng.reporters.JUnitReportReporter -->
<testsuite hostname="DESKTOP-HPNOI30" failures="0" tests="2" name="bookings.BookingTestScenarios" time="22.067" errors="0" timestamp="2025-02-19T10:00:55 IST" skipped="0">
  <testcase classname="bookings.BookingTestScenarios" name="createBookingAndVerifyResponse" time="14.246"/>
  <system-out/>
  <testcase classname="bookings.BookingTestScenarios" name="createBookingAndVerifyResponse" time="7.821"/>
  <system-out/>
</testsuite> <!-- bookings.BookingTestScenarios -->
