<?xml version="1.0" encoding="UTF-8"?>
<!-- Generated by org.testng.reporters.JUnitReportReporter -->
<testsuite hostname="DESKTOP-HPNOI30" failures="0" tests="4" name="bookings.WireMockRestAssuredTestNG" time="8.629" errors="0" timestamp="2025-03-03T23:28:37 IST" skipped="0">
  <testcase classname="bookings.WireMockRestAssuredTestNG" name="testInternalServerError" time="0.054"/>
  <system-out/>
  <testcase classname="bookings.WireMockRestAssuredTestNG" name="testSlowResponse" time="3.043"/>
  <system-out/>
  <testcase classname="bookings.WireMockRestAssuredTestNG" name="testGetUser" time="0.065"/>
  <system-out/>
  <testcase classname="bookings.WireMockRestAssuredTestNG" name="testCreateUser" time="5.467"/>
  <system-out/>
</testsuite> <!-- bookings.WireMockRestAssuredTestNG -->
