<?xml version="1.0" encoding="UTF-8"?>
<!-- Generated by org.testng.reporters.JUnitReportReporter -->
<testsuite hostname="DESKTOP-HPNOI30" failures="0" tests="13" name="com.mbm.bookingtests.BookingTests" time="39.593" errors="0" timestamp="2026-07-09T18:52:50 IST" skipped="0">
  <testcase classname="com.mbm.bookingtests.BookingTests" name="createBookingUsingJsonString" time="1.538"/>
  <system-out/>
  <testcase classname="com.mbm.bookingtests.BookingTests" name="createBookingUsingMap" time="1.575"/>
  <system-out/>
  <testcase classname="com.mbm.bookingtests.BookingTests" name="getBookingIdsAndVerifyResponse" time="1.319"/>
  <system-out/>
  <testcase classname="com.mbm.bookingtests.BookingTests" name="createBookingUsingJavaObject" time="9.446"/>
  <system-out/>
  <testcase classname="com.mbm.bookingtests.BookingTests" name="createBookingUsingPojWithBuilder" time="1.341"/>
  <system-out/>
  <testcase classname="com.mbm.bookingtests.BookingTests" name="createBookingAndVerifyResponse" time="4.795"/>
  <system-out/>
  <testcase classname="com.mbm.bookingtests.BookingTests" name="createBookingAndVerifyResponse" time="4.683"/>
  <system-out/>
  <testcase classname="com.mbm.bookingtests.BookingTests" name="createBookingAndVerifyResponse" time="4.701"/>
  <system-out/>
  <testcase classname="com.mbm.bookingtests.BookingTests" name="getBookingDetailsAndVerifyResponse" time="3.410"/>
  <system-out/>
  <testcase classname="com.mbm.bookingtests.BookingTests" name="getAccessTokenAndVerifyResponse" time="1.581"/>
  <system-out/>
  <testcase classname="com.mbm.bookingtests.BookingTests" name="getUpdateBookingAndVerifyResponse" time="2.643"/>
  <system-out/>
  <testcase classname="com.mbm.bookingtests.BookingTests" name="getPartialUpdateBooking" time="1.320"/>
  <system-out/>
  <testcase classname="com.mbm.bookingtests.BookingTests" name="getDeleteBooking" time="1.241"/>
  <system-out/>
</testsuite> <!-- com.mbm.bookingtests.BookingTests -->
