<?xml version="1.0" encoding="UTF-8"?>
<!-- Generated by org.testng.reporters.JUnitReportReporter -->
<testsuite hostname="DESKTOP-HPNOI30" failures="0" tests="2" name="com.mbm.bookingtests.BookingTestScenarios" time="8.747" errors="0" timestamp="2025-07-01T16:15:04 IST" skipped="0">
  <testcase classname="com.mbm.bookingtests.BookingTestScenarios" name="createBookingAndVerifyResponse" time="3.605"/>
  <system-out/>
  <testcase classname="com.mbm.bookingtests.BookingTestScenarios" name="createBookingAndVerifyResponse" time="5.142"/>
  <system-out/>
</testsuite> <!-- com.mbm.bookingtests.BookingTestScenarios -->
