<?xml version="1.0" encoding="UTF-8"?>
<!-- Generated by org.testng.reporters.JUnitReportReporter -->
<testsuite hostname="DESKTOP-HPNOI30" failures="0" tests="2" name="com.mbm.bookingtests.JsonDataDrivenTests" time="17.249" errors="0" timestamp="2025-08-12T18:55:10 IST" skipped="0">
  <testcase classname="com.mbm.bookingtests.JsonDataDrivenTests" name="createBookingTest" time="1.424"/>
  <system-out/>
  <testcase classname="com.mbm.bookingtests.JsonDataDrivenTests" name="createBookingTest" time="15.825"/>
  <system-out/>
</testsuite> <!-- com.mbm.bookingtests.JsonDataDrivenTests -->
